This file contains any messages produced by compilers while
running configure, to aid debugging if configure makes a mistake.

It was created by configure, which was
generated by GNU Autoconf 2.59.  Invocation command line was

  $ ./configure --prefix=/Users/shibabrat/

## --------- ##
## Platform. ##
## --------- ##

hostname = Shanes-MacBook-Pro.local
uname -m = x86_64
uname -r = 14.0.0
uname -s = Darwin
uname -v = Darwin Kernel Version 14.0.0: Fri Sep 19 00:26:44 PDT 2014; root:xnu-2782.1.97~2/RELEASE_X86_64

/usr/bin/uname -p = i386
/bin/uname -X     = unknown

/bin/arch              = unknown
/usr/bin/arch -k       = unknown
/usr/convex/getsysinfo = unknown
hostinfo               = Mach kernel version:
	 Darwin Kernel Version 14.0.0: Fri Sep 19 00:26:44 PDT 2014; root:xnu-2782.1.97~2/RELEASE_X86_64
Kernel configured for up to 2 processors.
2 processors are physically available.
2 processors are logically available.
Processor type: i486 (Intel 80486)
Processors active: 0 1
Primary memory available: 8.00 gigabytes
Default processor set: 238 tasks, 1114 threads, 2 processors
Load average: 3.19, Mach factor: 0.41
/bin/machine           = unknown
/usr/bin/oslevel       = unknown
/bin/universe          = unknown

PATH: /usr/local/bin
PATH: /usr/bin
PATH: /bin
PATH: /usr/sbin
PATH: /sbin


## ----------- ##
## Core tests. ##
## ----------- ##

configure:1305: checking for a BSD-compatible install
configure:1360: result: /usr/bin/install -c
configure:1371: checking whether build environment is sane
configure:1414: result: yes
configure:1471: checking for gawk
configure:1500: result: no
configure:1471: checking for mawk
configure:1500: result: no
configure:1471: checking for nawk
configure:1500: result: no
configure:1471: checking for awk
configure:1487: found /usr/bin/awk
configure:1497: result: awk
configure:1507: checking whether make sets $(MAKE)
configure:1527: result: yes
configure:1739: checking for gcc
configure:1755: found /usr/bin/gcc
configure:1765: result: gcc
configure:2009: checking for C compiler version
configure:2012: gcc --version </dev/null >&5
Configured with: --prefix=/Applications/Xcode.app/Contents/Developer/usr --with-gxx-include-dir=/Applications/Xcode.app/Contents/Developer/Platforms/MacOSX.platform/Developer/SDKs/MacOSX10.10.sdk/usr/include/c++/4.2.1
Apple LLVM version 6.0 (clang-600.0.54) (based on LLVM 3.5svn)
Target: x86_64-apple-darwin14.0.0
Thread model: posix
configure:2015: $? = 0
configure:2017: gcc -v </dev/null >&5
Configured with: --prefix=/Applications/Xcode.app/Contents/Developer/usr --with-gxx-include-dir=/Applications/Xcode.app/Contents/Developer/Platforms/MacOSX.platform/Developer/SDKs/MacOSX10.10.sdk/usr/include/c++/4.2.1
Apple LLVM version 6.0 (clang-600.0.54) (based on LLVM 3.5svn)
Target: x86_64-apple-darwin14.0.0
Thread model: posix
configure:2020: $? = 0
configure:2022: gcc -V </dev/null >&5
clang: error: argument to '-V' is missing (expected 1 value)
clang: error: no input files
configure:2025: $? = 1
configure:2048: checking for C compiler default output file name
configure:2051: gcc    conftest.c  >&5
configure:2054: $? = 0
configure:2100: result: a.out
configure:2105: checking whether the C compiler works
configure:2111: ./a.out
configure:2114: $? = 0
configure:2131: result: yes
configure:2138: checking whether we are cross compiling
configure:2140: result: no
configure:2143: checking for suffix of executables
configure:2145: gcc -o conftest    conftest.c  >&5
configure:2148: $? = 0
configure:2173: result: 
configure:2179: checking for suffix of object files
configure:2200: gcc -c   conftest.c >&5
configure:2203: $? = 0
configure:2225: result: o
configure:2229: checking whether we are using the GNU C compiler
configure:2253: gcc -c   conftest.c >&5
configure:2259: $? = 0
configure:2263: test -z 
			 || test ! -s conftest.err
configure:2266: $? = 0
configure:2269: test -s conftest.o
configure:2272: $? = 0
configure:2285: result: yes
configure:2291: checking whether gcc accepts -g
configure:2312: gcc -c -g  conftest.c >&5
configure:2318: $? = 0
configure:2322: test -z 
			 || test ! -s conftest.err
configure:2325: $? = 0
configure:2328: test -s conftest.o
configure:2331: $? = 0
configure:2342: result: yes
configure:2359: checking for gcc option to accept ANSI C
configure:2429: gcc  -c -g -O2  conftest.c >&5
configure:2435: $? = 0
configure:2439: test -z 
			 || test ! -s conftest.err
configure:2442: $? = 0
configure:2445: test -s conftest.o
configure:2448: $? = 0
configure:2466: result: none needed
configure:2484: gcc -c -g -O2  conftest.c >&5
conftest.c:2:3: error: unknown type name 'choke'
  choke me
  ^
conftest.c:2:11: error: expected ';' after top level declarator
  choke me
          ^
          ;
2 errors generated.
configure:2490: $? = 1
configure: failed program was:
| #ifndef __cplusplus
|   choke me
| #endif
configure:2634: checking for style of include used by make
configure:2662: result: GNU
configure:2690: checking dependency style of gcc
configure:2775: result: gcc3
configure:2844: checking for g++
configure:2860: found /usr/bin/g++
configure:2870: result: g++
configure:2886: checking for C++ compiler version
configure:2889: g++ --version </dev/null >&5
Configured with: --prefix=/Applications/Xcode.app/Contents/Developer/usr --with-gxx-include-dir=/Applications/Xcode.app/Contents/Developer/Platforms/MacOSX.platform/Developer/SDKs/MacOSX10.10.sdk/usr/include/c++/4.2.1
Apple LLVM version 6.0 (clang-600.0.54) (based on LLVM 3.5svn)
Target: x86_64-apple-darwin14.0.0
Thread model: posix
configure:2892: $? = 0
configure:2894: g++ -v </dev/null >&5
Configured with: --prefix=/Applications/Xcode.app/Contents/Developer/usr --with-gxx-include-dir=/Applications/Xcode.app/Contents/Developer/Platforms/MacOSX.platform/Developer/SDKs/MacOSX10.10.sdk/usr/include/c++/4.2.1
Apple LLVM version 6.0 (clang-600.0.54) (based on LLVM 3.5svn)
Target: x86_64-apple-darwin14.0.0
Thread model: posix
configure:2897: $? = 0
configure:2899: g++ -V </dev/null >&5
clang: error: argument to '-V' is missing (expected 1 value)
clang: error: no input files
configure:2902: $? = 1
configure:2905: checking whether we are using the GNU C++ compiler
configure:2929: g++ -c   conftest.cc >&5
configure:2935: $? = 0
configure:2939: test -z 
			 || test ! -s conftest.err
configure:2942: $? = 0
configure:2945: test -s conftest.o
configure:2948: $? = 0
configure:2961: result: yes
configure:2967: checking whether g++ accepts -g
configure:2988: g++ -c -g  conftest.cc >&5
configure:2994: $? = 0
configure:2998: test -z 
			 || test ! -s conftest.err
configure:3001: $? = 0
configure:3004: test -s conftest.o
configure:3007: $? = 0
configure:3018: result: yes
configure:3060: g++ -c -g -O2  conftest.cc >&5
configure:3066: $? = 0
configure:3070: test -z 
			 || test ! -s conftest.err
configure:3073: $? = 0
configure:3076: test -s conftest.o
configure:3079: $? = 0
configure:3105: g++ -c -g -O2  conftest.cc >&5
conftest.cc:15:1: error: use of undeclared identifier 'exit'
exit (42);
^
1 error generated.
configure:3111: $? = 1
configure: failed program was:
| /* confdefs.h.  */
| 
| #define PACKAGE_NAME ""
| #define PACKAGE_TARNAME ""
| #define PACKAGE_VERSION ""
| #define PACKAGE_STRING ""
| #define PACKAGE_BUGREPORT ""
| #define PACKAGE "lober"
| #define VERSION "1.8"
| /* end confdefs.h.  */
| 
| int
| main ()
| {
| exit (42);
|   ;
|   return 0;
| }
configure:3060: g++ -c -g -O2  conftest.cc >&5
conftest.cc:11:17: error: use of undeclared identifier 'std'
extern "C" void std::exit (int) throw (); using std::exit;
                ^
conftest.cc:11:49: error: use of undeclared identifier 'std'
extern "C" void std::exit (int) throw (); using std::exit;
                                                ^
2 errors generated.
configure:3066: $? = 1
configure: failed program was:
| /* confdefs.h.  */
| 
| #define PACKAGE_NAME ""
| #define PACKAGE_TARNAME ""
| #define PACKAGE_VERSION ""
| #define PACKAGE_STRING ""
| #define PACKAGE_BUGREPORT ""
| #define PACKAGE "lober"
| #define VERSION "1.8"
| /* end confdefs.h.  */
| extern "C" void std::exit (int) throw (); using std::exit;
| #include <stdlib.h>
| int
| main ()
| {
| exit (42);
|   ;
|   return 0;
| }
configure:3060: g++ -c -g -O2  conftest.cc >&5
conftest.cc:11:17: error: use of undeclared identifier 'std'
extern "C" void std::exit (int); using std::exit;
                ^
conftest.cc:11:40: error: use of undeclared identifier 'std'
extern "C" void std::exit (int); using std::exit;
                                       ^
2 errors generated.
configure:3066: $? = 1
configure: failed program was:
| /* confdefs.h.  */
| 
| #define PACKAGE_NAME ""
| #define PACKAGE_TARNAME ""
| #define PACKAGE_VERSION ""
| #define PACKAGE_STRING ""
| #define PACKAGE_BUGREPORT ""
| #define PACKAGE "lober"
| #define VERSION "1.8"
| /* end confdefs.h.  */
| extern "C" void std::exit (int); using std::exit;
| #include <stdlib.h>
| int
| main ()
| {
| exit (42);
|   ;
|   return 0;
| }
configure:3060: g++ -c -g -O2  conftest.cc >&5
configure:3066: $? = 0
configure:3070: test -z 
			 || test ! -s conftest.err
configure:3073: $? = 0
configure:3076: test -s conftest.o
configure:3079: $? = 0
configure:3105: g++ -c -g -O2  conftest.cc >&5
configure:3111: $? = 0
configure:3115: test -z 
			 || test ! -s conftest.err
configure:3118: $? = 0
configure:3121: test -s conftest.o
configure:3124: $? = 0
configure:3149: checking dependency style of g++
configure:3234: result: gcc3
configure:3264: checking for a BSD-compatible install
configure:3319: result: /usr/bin/install -c
configure:3334: checking for sh
configure:3352: found /bin/sh
configure:3364: result: /bin/sh
configure:3491: creating ./config.status

## ---------------------- ##
## Running config.status. ##
## ---------------------- ##

This file was extended by config.status, which was
generated by GNU Autoconf 2.59.  Invocation command line was

  CONFIG_FILES    = 
  CONFIG_HEADERS  = 
  CONFIG_LINKS    = 
  CONFIG_COMMANDS = 
  $ ./config.status 

on Shanes-MacBook-Pro.local

config.status:696: creating Makefile
config.status:696: creating src/Makefile
config.status:696: creating utils/Makefile
config.status:696: creating man/Makefile
config.status:696: creating doc/Makefile
config.status:800: creating config.h
config.status:886: config.h is unchanged
config.status:1066: executing depfiles commands

## ---------------- ##
## Cache variables. ##
## ---------------- ##

ac_cv_c_compiler_gnu=yes
ac_cv_cxx_compiler_gnu=yes
ac_cv_env_CC_set=
ac_cv_env_CC_value=
ac_cv_env_CFLAGS_set=
ac_cv_env_CFLAGS_value=
ac_cv_env_CPPFLAGS_set=
ac_cv_env_CPPFLAGS_value=
ac_cv_env_CXXFLAGS_set=
ac_cv_env_CXXFLAGS_value=
ac_cv_env_CXX_set=
ac_cv_env_CXX_value=
ac_cv_env_LDFLAGS_set=
ac_cv_env_LDFLAGS_value=
ac_cv_env_build_alias_set=
ac_cv_env_build_alias_value=
ac_cv_env_host_alias_set=
ac_cv_env_host_alias_value=
ac_cv_env_target_alias_set=
ac_cv_env_target_alias_value=
ac_cv_exeext=
ac_cv_objext=o
ac_cv_path_SH=/bin/sh
ac_cv_path_install='/usr/bin/install -c'
ac_cv_prog_AWK=awk
ac_cv_prog_ac_ct_CC=gcc
ac_cv_prog_ac_ct_CXX=g++
ac_cv_prog_cc_g=yes
ac_cv_prog_cc_stdc=
ac_cv_prog_cxx_g=yes
ac_cv_prog_make_make_set=yes
am_cv_CC_dependencies_compiler_type=gcc3
am_cv_CXX_dependencies_compiler_type=gcc3

## ----------------- ##
## Output variables. ##
## ----------------- ##

ACLOCAL='${SHELL} /Users/shibabrat/Documents/Work/Research-Computations/lober/lober-1.8/missing --run aclocal-1.8'
AMDEPBACKSLASH='\'
AMDEP_FALSE='#'
AMDEP_TRUE=''
AMTAR='${SHELL} /Users/shibabrat/Documents/Work/Research-Computations/lober/lober-1.8/missing --run tar'
AUTOCONF='${SHELL} /Users/shibabrat/Documents/Work/Research-Computations/lober/lober-1.8/missing --run autoconf'
AUTOHEADER='${SHELL} /Users/shibabrat/Documents/Work/Research-Computations/lober/lober-1.8/missing --run autoheader'
AUTOMAKE='${SHELL} /Users/shibabrat/Documents/Work/Research-Computations/lober/lober-1.8/missing --run automake-1.8'
AWK='awk'
CC='gcc'
CCDEPMODE='depmode=gcc3'
CFLAGS='-g -O2'
CPPFLAGS=''
CXX='g++'
CXXDEPMODE='depmode=gcc3'
CXXFLAGS='-g -O2'
CYGPATH_W='echo'
DEFS='-DHAVE_CONFIG_H'
DEPDIR='.deps'
ECHO_C='ECHO_N=''
ECHO_T=''
EXEEXT=''
INSTALL_DATA='${INSTALL} -m 644'
INSTALL_PROGRAM='${INSTALL}'
INSTALL_SCRIPT='${INSTALL}'
INSTALL_STRIP_PROGRAM='${SHELL} $(install_sh) -c -s'
LDFLAGS=''
LIBOBJS=''
LIBS=''
LTLIBOBJS=''
MAKEINFO='${SHELL} /Users/shibabrat/Documents/Work/Research-Computations/lober/lober-1.8/missing --run makeinfo'
OBJEXT='o'
PACKAGE='lober'
PACKAGE_BUGREPORT=''
PACKAGE_NAME=''
PACKAGE_STRING=''
PACKAGE_TARNAME=''
PACKAGE_VERSION=''
PATH_SEPARATOR=':'
SET_MAKE=''
SH='/bin/sh'
SHELL='/bin/sh'
STRIP=''
VERSION='1.8'
ac_ct_CC='gcc'
ac_ct_CXX='g++'
ac_ct_STRIP=''
am__fastdepCC_FALSE='#'
am__fastdepCC_TRUE=''
am__fastdepCXX_FALSE='#'
am__fastdepCXX_TRUE=''
am__include='include'
am__leading_dot='.'
am__quote=''
bindir='${exec_prefix}/bin'
build_alias=''
datadir='${prefix}/share'
exec_prefix='${prefix}'
host_alias=''
includedir='${prefix}/include'
infodir='${prefix}/info'
install_sh='/Users/shibabrat/Documents/Work/Research-Computations/lober/lober-1.8/install-sh'
libdir='${exec_prefix}/lib'
libexecdir='${exec_prefix}/libexec'
localstatedir='${prefix}/var'
mandir='${prefix}/man'
mkdir_p='$(mkinstalldirs)'
oldincludedir='/usr/include'
prefix='/Users/shibabrat/'
program_transform_name='s,x,x,'
sbindir='${exec_prefix}/sbin'
sharedstatedir='${prefix}/com'
sysconfdir='${prefix}/etc'
target_alias=''

## ----------- ##
## confdefs.h. ##
## ----------- ##

#define PACKAGE "lober"
#define PACKAGE_BUGREPORT ""
#define PACKAGE_NAME ""
#define PACKAGE_STRING ""
#define PACKAGE_TARNAME ""
#define PACKAGE_VERSION ""
#define VERSION "1.8"
#endif
#ifdef __cplusplus
extern "C" void exit (int) throw ();

configure: exit 0
