This file contains any messages produced by compilers while
running configure, to aid debugging if configure makes a mistake.

It was created by configure, which was
generated by GNU Autoconf 2.59.  Invocation command line was

  $ ./configure --prefix=/home/users/shibabrat

## --------- ##
## Platform. ##
## --------- ##

hostname = Shanes-MacBook-Pro-3.local
uname -m = x86_64
uname -r = 14.4.0
uname -s = Darwin
uname -v = Darwin Kernel Version 14.4.0: Thu May 28 11:35:04 PDT 2015; root:xnu-2782.30.5~1/RELEASE_X86_64

/usr/bin/uname -p = i386
/bin/uname -X     = unknown

/bin/arch              = unknown
/usr/bin/arch -k       = unknown
/usr/convex/getsysinfo = unknown
hostinfo               = Mach kernel version:
	 Darwin Kernel Version 14.4.0: Thu May 28 11:35:04 PDT 2015; root:xnu-2782.30.5~1/RELEASE_X86_64
Kernel configured for up to 2 processors.
2 processors are physically available.
2 processors are logically available.
Processor type: i486 (Intel 80486)
Processors active: 0 1
Primary memory available: 8.00 gigabytes
Default processor set: 248 tasks, 1464 threads, 2 processors
Load average: 2.84, Mach factor: 0.46
/bin/machine           = unknown
/usr/bin/oslevel       = unknown
/bin/universe          = unknown

PATH: /usr/local/ncl-6.3.0/bin
PATH: /opt/local/bin
PATH: /opt/local/sbin
PATH: /Library/Frameworks/Python.framework/Versions/3.4/bin
PATH: /Users/shibabrat/Library/Enthought/Canopy_64bit/User/bin
PATH: //anaconda/bin
PATH: /usr/local/bin
PATH: /usr/bin
PATH: /bin
PATH: /usr/sbin
PATH: /sbin
PATH: /opt/X11/bin
PATH: /usr/texbin


## ----------- ##
## Core tests. ##
## ----------- ##

configure:1537: checking for a BSD-compatible install
configure:1592: result: /usr/bin/install -c
configure:1603: checking whether build environment is sane
configure:1646: result: yes
configure:1703: checking for gawk
configure:1732: result: no
configure:1703: checking for mawk
configure:1732: result: no
configure:1703: checking for nawk
configure:1732: result: no
configure:1703: checking for awk
configure:1719: found /usr/bin/awk
configure:1729: result: awk
configure:1739: checking whether make sets $(MAKE)
configure:1759: result: yes
configure:2003: checking build system type
configure:2021: result: i686-apple-darwin14.4.0
configure:2029: checking host system type
configure:2043: result: i686-apple-darwin14.4.0
configure:2063: checking for style of include used by make
configure:2091: result: GNU
configure:2162: checking for gcc
configure:2178: found /usr/bin/gcc
configure:2188: result: gcc
configure:2432: checking for C compiler version
configure:2435: gcc --version </dev/null >&5
Configured with: --prefix=/Applications/Xcode.app/Contents/Developer/usr --with-gxx-include-dir=/usr/include/c++/4.2.1
Apple LLVM version 7.0.0 (clang-700.0.72)
Target: x86_64-apple-darwin14.4.0
Thread model: posix
configure:2438: $? = 0
configure:2440: gcc -v </dev/null >&5
Configured with: --prefix=/Applications/Xcode.app/Contents/Developer/usr --with-gxx-include-dir=/usr/include/c++/4.2.1
Apple LLVM version 7.0.0 (clang-700.0.72)
Target: x86_64-apple-darwin14.4.0
Thread model: posix
configure:2443: $? = 0
configure:2445: gcc -V </dev/null >&5
clang: error: argument to '-V' is missing (expected 1 value)
clang: error: no input files
configure:2448: $? = 1
configure:2471: checking for C compiler default output file name
configure:2474: gcc    conftest.c  >&5
configure:2477: $? = 0
configure:2523: result: a.out
configure:2528: checking whether the C compiler works
configure:2534: ./a.out
configure:2537: $? = 0
configure:2554: result: yes
configure:2561: checking whether we are cross compiling
configure:2563: result: no
configure:2566: checking for suffix of executables
configure:2568: gcc -o conftest    conftest.c  >&5
configure:2571: $? = 0
configure:2596: result: 
configure:2602: checking for suffix of object files
configure:2623: gcc -c   conftest.c >&5
configure:2626: $? = 0
configure:2648: result: o
configure:2652: checking whether we are using the GNU C compiler
configure:2676: gcc -c   conftest.c >&5
configure:2682: $? = 0
configure:2686: test -z 
			 || test ! -s conftest.err
configure:2689: $? = 0
configure:2692: test -s conftest.o
configure:2695: $? = 0
configure:2708: result: yes
configure:2714: checking whether gcc accepts -g
configure:2735: gcc -c -g  conftest.c >&5
configure:2741: $? = 0
configure:2745: test -z 
			 || test ! -s conftest.err
configure:2748: $? = 0
configure:2751: test -s conftest.o
configure:2754: $? = 0
configure:2765: result: yes
configure:2782: checking for gcc option to accept ANSI C
configure:2852: gcc  -c -g -O2  conftest.c >&5
configure:2858: $? = 0
configure:2862: test -z 
			 || test ! -s conftest.err
configure:2865: $? = 0
configure:2868: test -s conftest.o
configure:2871: $? = 0
configure:2889: result: none needed
configure:2907: gcc -c -g -O2  conftest.c >&5
conftest.c:2:3: error: unknown type name 'choke'
  choke me
  ^
conftest.c:2:11: error: expected ';' after top level declarator
  choke me
          ^
          ;
2 errors generated.
configure:2913: $? = 1
configure: failed program was:
| #ifndef __cplusplus
|   choke me
| #endif
configure:3048: checking dependency style of gcc
configure:3133: result: gcc3
configure:3150: checking for a sed that does not truncate output
configure:3204: result: /usr/bin/sed
configure:3207: checking for egrep
configure:3217: result: grep -E
configure:3233: checking for ld used by gcc
configure:3300: result: /Applications/Xcode.app/Contents/Developer/Toolchains/XcodeDefault.xctoolchain/usr/bin/ld
configure:3309: checking if the linker (/Applications/Xcode.app/Contents/Developer/Toolchains/XcodeDefault.xctoolchain/usr/bin/ld) is GNU ld
configure:3324: result: no
configure:3329: checking for /Applications/Xcode.app/Contents/Developer/Toolchains/XcodeDefault.xctoolchain/usr/bin/ld option to reload object files
configure:3336: result: -r
configure:3345: checking for BSD-compatible nm
configure:3387: result: /opt/local/bin/nm
configure:3391: checking whether ln -s works
configure:3395: result: yes
configure:3402: checking how to recognise dependent libraries
configure:3585: result: pass_all
configure:3799: checking how to run the C preprocessor
configure:3834: gcc -E  conftest.c
configure:3840: $? = 0
configure:3872: gcc -E  conftest.c
conftest.c:11:10: fatal error: 'ac_nonexistent.h' file not found
#include <ac_nonexistent.h>
         ^
1 error generated.
configure:3878: $? = 1
configure: failed program was:
| /* confdefs.h.  */
| 
| #define PACKAGE_NAME ""
| #define PACKAGE_TARNAME ""
| #define PACKAGE_VERSION ""
| #define PACKAGE_STRING ""
| #define PACKAGE_BUGREPORT ""
| #define PACKAGE "libisInside"
| #define VERSION "2.1"
| /* end confdefs.h.  */
| #include <ac_nonexistent.h>
configure:3917: result: gcc -E
configure:3941: gcc -E  conftest.c
configure:3947: $? = 0
configure:3979: gcc -E  conftest.c
conftest.c:11:10: fatal error: 'ac_nonexistent.h' file not found
#include <ac_nonexistent.h>
         ^
1 error generated.
configure:3985: $? = 1
configure: failed program was:
| /* confdefs.h.  */
| 
| #define PACKAGE_NAME ""
| #define PACKAGE_TARNAME ""
| #define PACKAGE_VERSION ""
| #define PACKAGE_STRING ""
| #define PACKAGE_BUGREPORT ""
| #define PACKAGE "libisInside"
| #define VERSION "2.1"
| /* end confdefs.h.  */
| #include <ac_nonexistent.h>
configure:4029: checking for ANSI C header files
configure:4054: gcc -c -g -O2  conftest.c >&5
configure:4060: $? = 0
configure:4064: test -z 
			 || test ! -s conftest.err
configure:4067: $? = 0
configure:4070: test -s conftest.o
configure:4073: $? = 0
configure:4162: gcc -o conftest -g -O2   conftest.c  >&5
conftest.c:28:7: warning: implicitly declaring library function 'exit' with type 'void (int) __attribute__((noreturn))'
      exit(2);
      ^
conftest.c:28:7: note: include the header <stdlib.h> or explicitly provide a declaration for 'exit'
1 warning generated.
configure:4165: $? = 0
configure:4167: ./conftest
configure:4170: $? = 0
configure:4185: result: yes
configure:4209: checking for sys/types.h
configure:4225: gcc -c -g -O2  conftest.c >&5
configure:4231: $? = 0
configure:4235: test -z 
			 || test ! -s conftest.err
configure:4238: $? = 0
configure:4241: test -s conftest.o
configure:4244: $? = 0
configure:4255: result: yes
configure:4209: checking for sys/stat.h
configure:4225: gcc -c -g -O2  conftest.c >&5
configure:4231: $? = 0
configure:4235: test -z 
			 || test ! -s conftest.err
configure:4238: $? = 0
configure:4241: test -s conftest.o
configure:4244: $? = 0
configure:4255: result: yes
configure:4209: checking for stdlib.h
configure:4225: gcc -c -g -O2  conftest.c >&5
configure:4231: $? = 0
configure:4235: test -z 
			 || test ! -s conftest.err
configure:4238: $? = 0
configure:4241: test -s conftest.o
configure:4244: $? = 0
configure:4255: result: yes
configure:4209: checking for string.h
configure:4225: gcc -c -g -O2  conftest.c >&5
configure:4231: $? = 0
configure:4235: test -z 
			 || test ! -s conftest.err
configure:4238: $? = 0
configure:4241: test -s conftest.o
configure:4244: $? = 0
configure:4255: result: yes
configure:4209: checking for memory.h
configure:4225: gcc -c -g -O2  conftest.c >&5
configure:4231: $? = 0
configure:4235: test -z 
			 || test ! -s conftest.err
configure:4238: $? = 0
configure:4241: test -s conftest.o
configure:4244: $? = 0
configure:4255: result: yes
configure:4209: checking for strings.h
configure:4225: gcc -c -g -O2  conftest.c >&5
configure:4231: $? = 0
configure:4235: test -z 
			 || test ! -s conftest.err
configure:4238: $? = 0
configure:4241: test -s conftest.o
configure:4244: $? = 0
configure:4255: result: yes
configure:4209: checking for inttypes.h
configure:4225: gcc -c -g -O2  conftest.c >&5
configure:4231: $? = 0
configure:4235: test -z 
			 || test ! -s conftest.err
configure:4238: $? = 0
configure:4241: test -s conftest.o
configure:4244: $? = 0
configure:4255: result: yes
configure:4209: checking for stdint.h
configure:4225: gcc -c -g -O2  conftest.c >&5
configure:4231: $? = 0
configure:4235: test -z 
			 || test ! -s conftest.err
configure:4238: $? = 0
configure:4241: test -s conftest.o
configure:4244: $? = 0
configure:4255: result: yes
configure:4209: checking for unistd.h
configure:4225: gcc -c -g -O2  conftest.c >&5
configure:4231: $? = 0
configure:4235: test -z 
			 || test ! -s conftest.err
configure:4238: $? = 0
configure:4241: test -s conftest.o
configure:4244: $? = 0
configure:4255: result: yes
configure:4281: checking dlfcn.h usability
configure:4293: gcc -c -g -O2  conftest.c >&5
configure:4299: $? = 0
configure:4303: test -z 
			 || test ! -s conftest.err
configure:4306: $? = 0
configure:4309: test -s conftest.o
configure:4312: $? = 0
configure:4322: result: yes
configure:4326: checking dlfcn.h presence
configure:4336: gcc -E  conftest.c
configure:4342: $? = 0
configure:4362: result: yes
configure:4397: checking for dlfcn.h
configure:4404: result: yes
configure:4469: checking for g++
configure:4485: found /usr/bin/g++
configure:4495: result: g++
configure:4511: checking for C++ compiler version
configure:4514: g++ --version </dev/null >&5
Configured with: --prefix=/Applications/Xcode.app/Contents/Developer/usr --with-gxx-include-dir=/usr/include/c++/4.2.1
Apple LLVM version 7.0.0 (clang-700.0.72)
Target: x86_64-apple-darwin14.4.0
Thread model: posix
configure:4517: $? = 0
configure:4519: g++ -v </dev/null >&5
Configured with: --prefix=/Applications/Xcode.app/Contents/Developer/usr --with-gxx-include-dir=/usr/include/c++/4.2.1
Apple LLVM version 7.0.0 (clang-700.0.72)
Target: x86_64-apple-darwin14.4.0
Thread model: posix
configure:4522: $? = 0
configure:4524: g++ -V </dev/null >&5
clang: error: argument to '-V' is missing (expected 1 value)
clang: error: no input files
configure:4527: $? = 1
configure:4530: checking whether we are using the GNU C++ compiler
configure:4554: g++ -c   conftest.cc >&5
configure:4560: $? = 0
configure:4564: test -z 
			 || test ! -s conftest.err
configure:4567: $? = 0
configure:4570: test -s conftest.o
configure:4573: $? = 0
configure:4586: result: yes
configure:4592: checking whether g++ accepts -g
configure:4613: g++ -c -g  conftest.cc >&5
configure:4619: $? = 0
configure:4623: test -z 
			 || test ! -s conftest.err
configure:4626: $? = 0
configure:4629: test -s conftest.o
configure:4632: $? = 0
configure:4643: result: yes
configure:4685: g++ -c -g -O2  conftest.cc >&5
configure:4691: $? = 0
configure:4695: test -z 
			 || test ! -s conftest.err
configure:4698: $? = 0
configure:4701: test -s conftest.o
configure:4704: $? = 0
configure:4730: g++ -c -g -O2  conftest.cc >&5
conftest.cc:26:1: error: use of undeclared identifier 'exit'
exit (42);
^
1 error generated.
configure:4736: $? = 1
configure: failed program was:
| /* confdefs.h.  */
| 
| #define PACKAGE_NAME ""
| #define PACKAGE_TARNAME ""
| #define PACKAGE_VERSION ""
| #define PACKAGE_STRING ""
| #define PACKAGE_BUGREPORT ""
| #define PACKAGE "libisInside"
| #define VERSION "2.1"
| #define STDC_HEADERS 1
| #define HAVE_SYS_TYPES_H 1
| #define HAVE_SYS_STAT_H 1
| #define HAVE_STDLIB_H 1
| #define HAVE_STRING_H 1
| #define HAVE_MEMORY_H 1
| #define HAVE_STRINGS_H 1
| #define HAVE_INTTYPES_H 1
| #define HAVE_STDINT_H 1
| #define HAVE_UNISTD_H 1
| #define HAVE_DLFCN_H 1
| /* end confdefs.h.  */
| 
| int
| main ()
| {
| exit (42);
|   ;
|   return 0;
| }
configure:4685: g++ -c -g -O2  conftest.cc >&5
conftest.cc:22:17: error: use of undeclared identifier 'std'
extern "C" void std::exit (int) throw (); using std::exit;
                ^
conftest.cc:22:49: error: use of undeclared identifier 'std'
extern "C" void std::exit (int) throw (); using std::exit;
                                                ^
2 errors generated.
configure:4691: $? = 1
configure: failed program was:
| /* confdefs.h.  */
| 
| #define PACKAGE_NAME ""
| #define PACKAGE_TARNAME ""
| #define PACKAGE_VERSION ""
| #define PACKAGE_STRING ""
| #define PACKAGE_BUGREPORT ""
| #define PACKAGE "libisInside"
| #define VERSION "2.1"
| #define STDC_HEADERS 1
| #define HAVE_SYS_TYPES_H 1
| #define HAVE_SYS_STAT_H 1
| #define HAVE_STDLIB_H 1
| #define HAVE_STRING_H 1
| #define HAVE_MEMORY_H 1
| #define HAVE_STRINGS_H 1
| #define HAVE_INTTYPES_H 1
| #define HAVE_STDINT_H 1
| #define HAVE_UNISTD_H 1
| #define HAVE_DLFCN_H 1
| /* end confdefs.h.  */
| extern "C" void std::exit (int) throw (); using std::exit;
| #include <stdlib.h>
| int
| main ()
| {
| exit (42);
|   ;
|   return 0;
| }
configure:4685: g++ -c -g -O2  conftest.cc >&5
conftest.cc:22:17: error: use of undeclared identifier 'std'
extern "C" void std::exit (int); using std::exit;
                ^
conftest.cc:22:40: error: use of undeclared identifier 'std'
extern "C" void std::exit (int); using std::exit;
                                       ^
2 errors generated.
configure:4691: $? = 1
configure: failed program was:
| /* confdefs.h.  */
| 
| #define PACKAGE_NAME ""
| #define PACKAGE_TARNAME ""
| #define PACKAGE_VERSION ""
| #define PACKAGE_STRING ""
| #define PACKAGE_BUGREPORT ""
| #define PACKAGE "libisInside"
| #define VERSION "2.1"
| #define STDC_HEADERS 1
| #define HAVE_SYS_TYPES_H 1
| #define HAVE_SYS_STAT_H 1
| #define HAVE_STDLIB_H 1
| #define HAVE_STRING_H 1
| #define HAVE_MEMORY_H 1
| #define HAVE_STRINGS_H 1
| #define HAVE_INTTYPES_H 1
| #define HAVE_STDINT_H 1
| #define HAVE_UNISTD_H 1
| #define HAVE_DLFCN_H 1
| /* end confdefs.h.  */
| extern "C" void std::exit (int); using std::exit;
| #include <stdlib.h>
| int
| main ()
| {
| exit (42);
|   ;
|   return 0;
| }
configure:4685: g++ -c -g -O2  conftest.cc >&5
configure:4691: $? = 0
configure:4695: test -z 
			 || test ! -s conftest.err
configure:4698: $? = 0
configure:4701: test -s conftest.o
configure:4704: $? = 0
configure:4730: g++ -c -g -O2  conftest.cc >&5
configure:4736: $? = 0
configure:4740: test -z 
			 || test ! -s conftest.err
configure:4743: $? = 0
configure:4746: test -s conftest.o
configure:4749: $? = 0
configure:4774: checking dependency style of g++
configure:4859: result: gcc3
configure:4881: checking how to run the C++ preprocessor
configure:4912: g++ -E  conftest.cc
configure:4918: $? = 0
configure:4950: g++ -E  conftest.cc
conftest.cc:25:10: fatal error: 'ac_nonexistent.h' file not found
#include <ac_nonexistent.h>
         ^
1 error generated.
configure:4956: $? = 1
configure: failed program was:
| /* confdefs.h.  */
| 
| #define PACKAGE_NAME ""
| #define PACKAGE_TARNAME ""
| #define PACKAGE_VERSION ""
| #define PACKAGE_STRING ""
| #define PACKAGE_BUGREPORT ""
| #define PACKAGE "libisInside"
| #define VERSION "2.1"
| #define STDC_HEADERS 1
| #define HAVE_SYS_TYPES_H 1
| #define HAVE_SYS_STAT_H 1
| #define HAVE_STDLIB_H 1
| #define HAVE_STRING_H 1
| #define HAVE_MEMORY_H 1
| #define HAVE_STRINGS_H 1
| #define HAVE_INTTYPES_H 1
| #define HAVE_STDINT_H 1
| #define HAVE_UNISTD_H 1
| #define HAVE_DLFCN_H 1
| #ifdef __cplusplus
| extern "C" void exit (int) throw ();
| #endif
| /* end confdefs.h.  */
| #include <ac_nonexistent.h>
configure:4995: result: g++ -E
configure:5019: g++ -E  conftest.cc
configure:5025: $? = 0
configure:5057: g++ -E  conftest.cc
conftest.cc:25:10: fatal error: 'ac_nonexistent.h' file not found
#include <ac_nonexistent.h>
         ^
1 error generated.
configure:5063: $? = 1
configure: failed program was:
| /* confdefs.h.  */
| 
| #define PACKAGE_NAME ""
| #define PACKAGE_TARNAME ""
| #define PACKAGE_VERSION ""
| #define PACKAGE_STRING ""
| #define PACKAGE_BUGREPORT ""
| #define PACKAGE "libisInside"
| #define VERSION "2.1"
| #define STDC_HEADERS 1
| #define HAVE_SYS_TYPES_H 1
| #define HAVE_SYS_STAT_H 1
| #define HAVE_STDLIB_H 1
| #define HAVE_STRING_H 1
| #define HAVE_MEMORY_H 1
| #define HAVE_STRINGS_H 1
| #define HAVE_INTTYPES_H 1
| #define HAVE_STDINT_H 1
| #define HAVE_UNISTD_H 1
| #define HAVE_DLFCN_H 1
| #ifdef __cplusplus
| extern "C" void exit (int) throw ();
| #endif
| /* end confdefs.h.  */
| #include <ac_nonexistent.h>
configure:5158: checking for g77
configure:5187: result: no
configure:5158: checking for f77
configure:5187: result: no
configure:5158: checking for xlf
configure:5187: result: no
configure:5158: checking for frt
configure:5187: result: no
configure:5158: checking for pgf77
configure:5187: result: no
configure:5158: checking for fort77
configure:5187: result: no
configure:5158: checking for fl32
configure:5187: result: no
configure:5158: checking for af77
configure:5187: result: no
configure:5158: checking for f90
configure:5187: result: no
configure:5158: checking for xlf90
configure:5187: result: no
configure:5158: checking for pgf90
configure:5187: result: no
configure:5158: checking for epcf90
configure:5187: result: no
configure:5158: checking for f95
configure:5187: result: no
configure:5158: checking for fort
configure:5187: result: no
configure:5158: checking for xlf95
configure:5187: result: no
configure:5158: checking for ifc
configure:5187: result: no
configure:5158: checking for efc
configure:5187: result: no
configure:5158: checking for pgf95
configure:5187: result: no
configure:5158: checking for lf95
configure:5187: result: no
configure:5158: checking for gfortran
configure:5174: found /usr/local/bin/gfortran
configure:5184: result: gfortran
configure:5199: checking for Fortran 77 compiler version
configure:5202: gfortran --version </dev/null >&5
GNU Fortran (GCC) 5.2.0
Copyright (C) 2015 Free Software Foundation, Inc.

GNU Fortran comes with NO WARRANTY, to the extent permitted by law.
You may redistribute copies of GNU Fortran
under the terms of the GNU General Public License.
For more information about these matters, see the file named COPYING

configure:5205: $? = 0
configure:5207: gfortran -v </dev/null >&5
Using built-in specs.
COLLECT_GCC=gfortran
COLLECT_LTO_WRAPPER=/usr/local/gfortran/libexec/gcc/x86_64-apple-darwin14/5.2.0/lto-wrapper
Target: x86_64-apple-darwin14
Configured with: ../gcc-5.2.0/configure --prefix=/usr/local/gfortran --with-gmp=/Users/fx/devel/gcc/deps-static/x86_64 --enable-languages=c,c++,fortran,objc,obj-c++ --build=x86_64-apple-darwin14
Thread model: posix
gcc version 5.2.0 (GCC) 
configure:5210: $? = 0
configure:5212: gfortran -V </dev/null >&5
gfortran: error: unrecognized command line option '-V'
gfortran: fatal error: no input files
compilation terminated.
configure:5215: $? = 1
configure:5223: checking whether we are using the GNU Fortran 77 compiler
configure:5237: gfortran -c  conftest.F >&5
configure:5243: $? = 0
configure:5247: test -z 
			 || test ! -s conftest.err
configure:5250: $? = 0
configure:5253: test -s conftest.o
configure:5256: $? = 0
configure:5269: result: yes
configure:5275: checking whether gfortran accepts -g
configure:5287: gfortran -c -g conftest.f >&5
configure:5293: $? = 0
configure:5297: test -z 
			 || test ! -s conftest.err
configure:5300: $? = 0
configure:5303: test -s conftest.o
configure:5306: $? = 0
configure:5318: result: yes
configure:5348: checking the maximum length of command line arguments
configure:5413: result: 65536
configure:5424: checking command to parse /opt/local/bin/nm output from gcc object
configure:5513: gcc -c -g -O2  conftest.c >&5
configure:5516: $? = 0
configure:5520: /opt/local/bin/nm conftest.o \| sed -n -e 's/^.*[ 	]\([BCDEGRST][BCDEGRST]*\)[ 	][ 	]*\(\)\([_A-Za-z][_A-Za-z0-9]*\)$/\1 \2\3 \3/p' \> conftest.nm
configure:5523: $? = 0
cannot find nm_test_var in conftest.nm
configure:5513: gcc -c -g -O2  conftest.c >&5
configure:5516: $? = 0
configure:5520: /opt/local/bin/nm conftest.o \| sed -n -e 's/^.*[ 	]\([BCDEGRST][BCDEGRST]*\)[ 	][ 	]*\(_\)\([_A-Za-z][_A-Za-z0-9]*\)$/\1 \2\3 \3/p' \> conftest.nm
configure:5523: $? = 0
configure:5575: gcc -o conftest -g -O2   conftest.c conftstm.o >&5
warning: (x86_64)  could not find object file symbol for symbol _main
configure:5578: $? = 0
configure:5616: result: ok
configure:5620: checking for objdir
configure:5635: result: .libs
configure:5725: checking for ar
configure:5741: found /opt/local/bin/ar
configure:5752: result: ar
configure:5805: checking for ranlib
configure:5821: found /opt/local/bin/ranlib
configure:5832: result: ranlib
configure:5885: checking for strip
configure:5901: found /opt/local/bin/strip
configure:5912: result: strip
configure:6174: checking if gcc static flag  works
configure:6197: result: yes
configure:6215: checking if gcc supports -fno-rtti -fno-exceptions
configure:6233: gcc -c -g -O2  -fno-rtti -fno-exceptions conftest.c >&5
configure:6237: $? = 0
configure:6248: result: yes
configure:6263: checking for gcc option to produce PIC
configure:6440: result: -fno-common
configure:6448: checking if gcc PIC flag -fno-common works
configure:6466: gcc -c -g -O2  -fno-common -DPIC conftest.c >&5
configure:6470: $? = 0
configure:6481: result: yes
configure:6505: checking if gcc supports -c -o file.o
configure:6526: gcc -c -g -O2  -o out/conftest2.o conftest.c >&5
configure:6530: $? = 0
configure:6550: result: yes
configure:6576: checking whether the gcc linker (/Applications/Xcode.app/Contents/Developer/Toolchains/XcodeDefault.xctoolchain/usr/bin/ld) supports shared libraries
configure:7424: result: yes
configure:7495: checking dynamic linker characteristics
configure:8056: result: darwin14.4.0 dyld
configure:8060: checking how to hardcode library paths into programs
configure:8085: result: immediate
configure:8099: checking whether stripping libraries is possible
configure:8112: result: yes
configure:8934: checking if libtool supports shared libraries
configure:8936: result: yes
configure:8939: checking whether to build shared libraries
configure:8997: result: yes
configure:9000: checking whether to build static libraries
configure:9004: result: yes
configure:9096: creating libtool
configure:9643: checking for ld used by g++
configure:9710: result: /Applications/Xcode.app/Contents/Developer/Toolchains/XcodeDefault.xctoolchain/usr/bin/ld
configure:9719: checking if the linker (/Applications/Xcode.app/Contents/Developer/Toolchains/XcodeDefault.xctoolchain/usr/bin/ld) is GNU ld
configure:9734: result: no
configure:9785: checking whether the g++ linker (/Applications/Xcode.app/Contents/Developer/Toolchains/XcodeDefault.xctoolchain/usr/bin/ld) supports shared libraries
configure:10613: result: yes
configure:10631: g++ -c -g -O2  conftest.cc >&5
configure:10634: $? = 0
configure:10730: checking for g++ option to produce PIC
configure:10982: result: -fno-common
configure:10990: checking if g++ PIC flag -fno-common works
configure:11008: g++ -c -g -O2  -fno-common -DPIC conftest.cc >&5
configure:11012: $? = 0
configure:11023: result: yes
configure:11047: checking if g++ supports -c -o file.o
configure:11068: g++ -c -g -O2  -o out/conftest2.o conftest.cc >&5
configure:11072: $? = 0
configure:11092: result: yes
configure:11118: checking whether the g++ linker (/Applications/Xcode.app/Contents/Developer/Toolchains/XcodeDefault.xctoolchain/usr/bin/ld) supports shared libraries
configure:11143: result: yes
configure:11214: checking dynamic linker characteristics
configure:11775: result: darwin14.4.0 dyld
configure:11779: checking how to hardcode library paths into programs
configure:11804: result: immediate
configure:11818: checking whether stripping libraries is possible
configure:11831: result: yes
configure:13130: checking if libtool supports shared libraries
configure:13132: result: yes
configure:13135: checking whether to build shared libraries
configure:13153: result: yes
configure:13156: checking whether to build static libraries
configure:13160: result: yes
configure:13172: checking for gfortran option to produce PIC
configure:13349: result: -fno-common
configure:13357: checking if gfortran PIC flag -fno-common works
configure:13375: gfortran -c -g -O2 -fno-common conftest.f >&5
configure:13379: $? = 0
configure:13390: result: yes
configure:13414: checking if gfortran supports -c -o file.o
configure:13435: gfortran -c -g -O2 -o out/conftest2.o conftest.f >&5
configure:13439: $? = 0
configure:13459: result: yes
configure:13485: checking whether the gfortran linker (/Applications/Xcode.app/Contents/Developer/Toolchains/XcodeDefault.xctoolchain/usr/bin/ld) supports shared libraries
configure:14313: result: yes
configure:14384: checking dynamic linker characteristics
configure:14945: result: darwin14.4.0 dyld
configure:14949: checking how to hardcode library paths into programs
configure:14974: result: immediate
configure:14988: checking whether stripping libraries is possible
configure:15001: result: yes
configure:19146: checking for gcc
configure:19172: result: gcc
configure:19416: checking for C compiler version
configure:19419: gcc --version </dev/null >&5
Configured with: --prefix=/Applications/Xcode.app/Contents/Developer/usr --with-gxx-include-dir=/usr/include/c++/4.2.1
Apple LLVM version 7.0.0 (clang-700.0.72)
Target: x86_64-apple-darwin14.4.0
Thread model: posix
configure:19422: $? = 0
configure:19424: gcc -v </dev/null >&5
Configured with: --prefix=/Applications/Xcode.app/Contents/Developer/usr --with-gxx-include-dir=/usr/include/c++/4.2.1
Apple LLVM version 7.0.0 (clang-700.0.72)
Target: x86_64-apple-darwin14.4.0
Thread model: posix
configure:19427: $? = 0
configure:19429: gcc -V </dev/null >&5
clang: error: argument to '-V' is missing (expected 1 value)
clang: error: no input files
configure:19432: $? = 1
configure:19435: checking whether we are using the GNU C compiler
configure:19491: result: yes
configure:19497: checking whether gcc accepts -g
configure:19548: result: yes
configure:19565: checking for gcc option to accept ANSI C
configure:19672: result: none needed
configure:19690: gcc -c -g -O2  conftest.c >&5
conftest.c:2:3: error: unknown type name 'choke'
  choke me
  ^
conftest.c:2:11: error: expected ';' after top level declarator
  choke me
          ^
          ;
2 errors generated.
configure:19696: $? = 1
configure: failed program was:
| #ifndef __cplusplus
|   choke me
| #endif
configure:19831: checking dependency style of gcc
configure:19916: result: gcc3
configure:20027: checking for C++ compiler version
configure:20030: g++ --version </dev/null >&5
Configured with: --prefix=/Applications/Xcode.app/Contents/Developer/usr --with-gxx-include-dir=/usr/include/c++/4.2.1
Apple LLVM version 7.0.0 (clang-700.0.72)
Target: x86_64-apple-darwin14.4.0
Thread model: posix
configure:20033: $? = 0
configure:20035: g++ -v </dev/null >&5
Configured with: --prefix=/Applications/Xcode.app/Contents/Developer/usr --with-gxx-include-dir=/usr/include/c++/4.2.1
Apple LLVM version 7.0.0 (clang-700.0.72)
Target: x86_64-apple-darwin14.4.0
Thread model: posix
configure:20038: $? = 0
configure:20040: g++ -V </dev/null >&5
clang: error: argument to '-V' is missing (expected 1 value)
clang: error: no input files
configure:20043: $? = 1
configure:20046: checking whether we are using the GNU C++ compiler
configure:20102: result: yes
configure:20108: checking whether g++ accepts -g
configure:20159: result: yes
configure:20201: g++ -c -g -O2  conftest.cc >&5
configure:20207: $? = 0
configure:20211: test -z 
			 || test ! -s conftest.err
configure:20214: $? = 0
configure:20217: test -s conftest.o
configure:20220: $? = 0
configure:20246: g++ -c -g -O2  conftest.cc >&5
configure:20252: $? = 0
configure:20256: test -z 
			 || test ! -s conftest.err
configure:20259: $? = 0
configure:20262: test -s conftest.o
configure:20265: $? = 0
configure:20290: checking dependency style of g++
configure:20375: result: gcc3
configure:20405: checking for a BSD-compatible install
configure:20460: result: /usr/bin/install -c
configure:20512: checking for ranlib
configure:20539: result: ranlib
configure:20683: creating ./config.status

## ---------------------- ##
## Running config.status. ##
## ---------------------- ##

This file was extended by config.status, which was
generated by GNU Autoconf 2.59.  Invocation command line was

  CONFIG_FILES    = 
  CONFIG_HEADERS  = 
  CONFIG_LINKS    = 
  CONFIG_COMMANDS = 
  $ ./config.status 

on Shanes-MacBook-Pro-3.local

config.status:716: creating src/libisInside/Makefile
config.status:716: creating src/Makefile
config.status:716: creating Makefile
config.status:716: creating man/Makefile
config.status:716: creating doc/Makefile
config.status:820: creating config.h
config.status:928: config.h is unchanged
config.status:1108: executing depfiles commands

## ---------------- ##
## Cache variables. ##
## ---------------- ##

ac_cv_build=i686-apple-darwin14.4.0
ac_cv_build_alias=i686-apple-darwin14.4.0
ac_cv_c_compiler_gnu=yes
ac_cv_cxx_compiler_gnu=yes
ac_cv_env_CC_set=
ac_cv_env_CC_value=
ac_cv_env_CFLAGS_set=
ac_cv_env_CFLAGS_value=
ac_cv_env_CPPFLAGS_set=
ac_cv_env_CPPFLAGS_value=
ac_cv_env_CPP_set=
ac_cv_env_CPP_value=
ac_cv_env_CXXCPP_set=
ac_cv_env_CXXCPP_value=
ac_cv_env_CXXFLAGS_set=
ac_cv_env_CXXFLAGS_value=
ac_cv_env_CXX_set=
ac_cv_env_CXX_value=
ac_cv_env_F77_set=
ac_cv_env_F77_value=
ac_cv_env_FFLAGS_set=
ac_cv_env_FFLAGS_value=
ac_cv_env_LDFLAGS_set=
ac_cv_env_LDFLAGS_value=
ac_cv_env_build_alias_set=
ac_cv_env_build_alias_value=
ac_cv_env_host_alias_set=
ac_cv_env_host_alias_value=
ac_cv_env_target_alias_set=
ac_cv_env_target_alias_value=
ac_cv_exeext=
ac_cv_f77_compiler_gnu=yes
ac_cv_header_dlfcn_h=yes
ac_cv_header_inttypes_h=yes
ac_cv_header_memory_h=yes
ac_cv_header_stdc=yes
ac_cv_header_stdint_h=yes
ac_cv_header_stdlib_h=yes
ac_cv_header_string_h=yes
ac_cv_header_strings_h=yes
ac_cv_header_sys_stat_h=yes
ac_cv_header_sys_types_h=yes
ac_cv_header_unistd_h=yes
ac_cv_host=i686-apple-darwin14.4.0
ac_cv_host_alias=i686-apple-darwin14.4.0
ac_cv_objext=o
ac_cv_path_install='/usr/bin/install -c'
ac_cv_prog_AWK=awk
ac_cv_prog_CPP='gcc -E'
ac_cv_prog_CXXCPP='g++ -E'
ac_cv_prog_ac_ct_AR=ar
ac_cv_prog_ac_ct_CC=gcc
ac_cv_prog_ac_ct_CXX=g++
ac_cv_prog_ac_ct_F77=gfortran
ac_cv_prog_ac_ct_RANLIB=ranlib
ac_cv_prog_ac_ct_STRIP=strip
ac_cv_prog_cc_g=yes
ac_cv_prog_cc_stdc=
ac_cv_prog_cxx_g=yes
ac_cv_prog_egrep='grep -E'
ac_cv_prog_f77_g=yes
ac_cv_prog_make_make_set=yes
am_cv_CC_dependencies_compiler_type=gcc3
am_cv_CXX_dependencies_compiler_type=gcc3
lt_cv_deplibs_check_method=pass_all
lt_cv_file_magic_cmd='$MAGIC_CMD'
lt_cv_file_magic_test_file=
lt_cv_ld_reload_flag=-r
lt_cv_objdir=.libs
lt_cv_path_LD=/Applications/Xcode.app/Contents/Developer/Toolchains/XcodeDefault.xctoolchain/usr/bin/ld
lt_cv_path_LDCXX=/Applications/Xcode.app/Contents/Developer/Toolchains/XcodeDefault.xctoolchain/usr/bin/ld
lt_cv_path_NM=/opt/local/bin/nm
lt_cv_path_SED=/usr/bin/sed
lt_cv_prog_compiler_c_o=yes
lt_cv_prog_compiler_c_o_CXX=yes
lt_cv_prog_compiler_c_o_F77=yes
lt_cv_prog_compiler_rtti_exceptions=yes
lt_cv_prog_gnu_ld=no
lt_cv_prog_gnu_ldcxx=no
lt_cv_sys_global_symbol_pipe='sed -n -e '\''s/^.*[ 	]\([BCDEGRST][BCDEGRST]*\)[ 	][ 	]*\(_\)\([_A-Za-z][_A-Za-z0-9]*\)$/\1 \2\3 \3/p'\'''
lt_cv_sys_global_symbol_to_c_name_address='sed -n -e '\''s/^: \([^ ]*\) $/  {\"\1\", (lt_ptr) 0},/p'\'' -e '\''s/^[BCDEGRST] \([^ ]*\) \([^ ]*\)$/  {"\2", (lt_ptr) \&\2},/p'\'''
lt_cv_sys_global_symbol_to_cdecl='sed -n -e '\''s/^. .* \(.*\)$/extern int \1;/p'\'''
lt_cv_sys_max_cmd_len=65536
lt_lt_cv_prog_compiler_c_o='"yes"'
lt_lt_cv_prog_compiler_c_o_CXX='"yes"'
lt_lt_cv_prog_compiler_c_o_F77='"yes"'
lt_lt_cv_sys_global_symbol_pipe='"sed -n -e '\''s/^.*[ 	]\\([BCDEGRST][BCDEGRST]*\\)[ 	][ 	]*\\(_\\)\\([_A-Za-z][_A-Za-z0-9]*\\)\$/\\1 \\2\\3 \\3/p'\''"'
lt_lt_cv_sys_global_symbol_to_c_name_address='"sed -n -e '\''s/^: \\([^ ]*\\) \$/  {\\\"\\1\\\", (lt_ptr) 0},/p'\'' -e '\''s/^[BCDEGRST] \\([^ ]*\\) \\([^ ]*\\)\$/  {\"\\2\", (lt_ptr) \\&\\2},/p'\''"'
lt_lt_cv_sys_global_symbol_to_cdecl='"sed -n -e '\''s/^. .* \\(.*\\)\$/extern int \\1;/p'\''"'

## ----------------- ##
## Output variables. ##
## ----------------- ##

ACLOCAL='${SHELL} /Users/shibabrat/Documents/Work/Research-Computations/lober/libisInside-2.1/missing --run aclocal-1.8'
AMDEPBACKSLASH='\'
AMDEP_FALSE='#'
AMDEP_TRUE=''
AMTAR='${SHELL} /Users/shibabrat/Documents/Work/Research-Computations/lober/libisInside-2.1/missing --run tar'
AR='ar'
AUTOCONF='${SHELL} /Users/shibabrat/Documents/Work/Research-Computations/lober/libisInside-2.1/missing --run autoconf'
AUTOHEADER='${SHELL} /Users/shibabrat/Documents/Work/Research-Computations/lober/libisInside-2.1/missing --run autoheader'
AUTOMAKE='${SHELL} /Users/shibabrat/Documents/Work/Research-Computations/lober/libisInside-2.1/missing --run automake-1.8'
AWK='awk'
CC='gcc'
CCDEPMODE='depmode=gcc3'
CFLAGS='-g -O2'
CPP='gcc -E'
CPPFLAGS=''
CXX='g++'
CXXCPP='g++ -E'
CXXDEPMODE='depmode=gcc3'
CXXFLAGS='-g -O2'
CYGPATH_W='echo'
DEFS='-DHAVE_CONFIG_H'
DEPDIR='.deps'
ECHO='/bin/echo'
ECHO_C='ECHO_N=''
ECHO_T=''
EGREP='grep -E'
EXEEXT=''
F77='gfortran'
FFLAGS='-g -O2'
INSTALL_DATA='${INSTALL} -m 644'
INSTALL_PROGRAM='${INSTALL}'
INSTALL_SCRIPT='${INSTALL}'
INSTALL_STRIP_PROGRAM='${SHELL} $(install_sh) -c -s'
LDFLAGS=''
LIBOBJS=''
LIBS=''
LIBTOOL='$(SHELL) $(top_builddir)/libtool'
LN_S='ln -s'
LTLIBOBJS=''
MAKEINFO='${SHELL} /Users/shibabrat/Documents/Work/Research-Computations/lober/libisInside-2.1/missing --run makeinfo'
OBJEXT='o'
PACKAGE='libisInside'
PACKAGE_BUGREPORT=''
PACKAGE_NAME=''
PACKAGE_STRING=''
PACKAGE_TARNAME=''
PACKAGE_VERSION=''
PATH_SEPARATOR=':'
RANLIB='ranlib'
SET_MAKE=''
SHELL='/bin/sh'
STRIP='strip'
VERSION='2.1'
ac_ct_AR='ar'
ac_ct_CC='gcc'
ac_ct_CXX='g++'
ac_ct_F77='gfortran'
ac_ct_RANLIB='ranlib'
ac_ct_STRIP='strip'
am__fastdepCC_FALSE='#'
am__fastdepCC_TRUE=''
am__fastdepCXX_FALSE='#'
am__fastdepCXX_TRUE=''
am__include='include'
am__leading_dot='.'
am__quote=''
bindir='${exec_prefix}/bin'
build='i686-apple-darwin14.4.0'
build_alias=''
build_cpu='i686'
build_os='darwin14.4.0'
build_vendor='apple'
datadir='${prefix}/share'
exec_prefix='${prefix}'
host='i686-apple-darwin14.4.0'
host_alias=''
host_cpu='i686'
host_os='darwin14.4.0'
host_vendor='apple'
includedir='${prefix}/include'
infodir='${prefix}/info'
install_sh='/Users/shibabrat/Documents/Work/Research-Computations/lober/libisInside-2.1/install-sh'
libdir='${exec_prefix}/lib'
libexecdir='${exec_prefix}/libexec'
localstatedir='${prefix}/var'
mandir='${prefix}/man'
mkdir_p='$(mkinstalldirs)'
oldincludedir='/usr/include'
prefix='/home/users/shibabrat'
program_transform_name='s,x,x,'
sbindir='${exec_prefix}/sbin'
sharedstatedir='${prefix}/com'
sysconfdir='${prefix}/etc'
target_alias=''

## ----------- ##
## confdefs.h. ##
## ----------- ##

#define HAVE_DLFCN_H 1
#define HAVE_INTTYPES_H 1
#define HAVE_MEMORY_H 1
#define HAVE_STDINT_H 1
#define HAVE_STDLIB_H 1
#define HAVE_STRINGS_H 1
#define HAVE_STRING_H 1
#define HAVE_SYS_STAT_H 1
#define HAVE_SYS_TYPES_H 1
#define HAVE_UNISTD_H 1
#define PACKAGE "libisInside"
#define PACKAGE_BUGREPORT ""
#define PACKAGE_NAME ""
#define PACKAGE_STRING ""
#define PACKAGE_TARNAME ""
#define PACKAGE_VERSION ""
#define STDC_HEADERS 1
#define VERSION "2.1"
#endif
#ifdef __cplusplus
extern "C" void exit (int) throw ();

configure: exit 0
